c:\users\djeri\source\repos\ben_sidhom_submission\ben_sidh.b404bb11\x64\release\qt\moc\moc_mainwindow.cpp
c:\users\djeri\source\repos\ben_sidhom_submission\ben_sidh.b404bb11\x64\release\battlematrix.obj
c:\users\djeri\source\repos\ben_sidhom_submission\ben_sidh.b404bb11\x64\release\shortestpath.obj
c:\users\djeri\source\repos\ben_sidhom_submission\ben_sidh.b404bb11\x64\release\model.obj
c:\users\djeri\source\repos\ben_sidhom_submission\ben_sidh.b404bb11\x64\release\mainwindow.obj
c:\users\djeri\source\repos\ben_sidhom_submission\ben_sidh.b404bb11\x64\release\main.obj
c:\users\djeri\source\repos\ben_sidhom_submission\ben_sidh.b404bb11\x64\release\vc145.pdb
c:\users\djeri\source\repos\ben_sidhom_submission\ben_sidh.b404bb11\x64\release\moc_mainwindow.obj
c:\users\djeri\source\repos\ben_sidhom_submission\x64\release\ben_sidhom_submission.exe
c:\users\djeri\source\repos\ben_sidhom_submission\x64\release\ben_sidhom_submission.pdb
c:\users\djeri\source\repos\ben_sidhom_submission\ben_sidh.b404bb11\x64\release\ben_sidhom_submission.ipdb
c:\users\djeri\source\repos\ben_sidhom_submission\ben_sidh.b404bb11\x64\release\ben_sidhom_submission.iobj
c:\users\djeri\source\repos\ben_sidhom_submission\ben_sidh.b404bb11\x64\release\ben_sidh.b404bb11.tlog\ben_sidhom_submission.write.1u.tlog
c:\users\djeri\source\repos\ben_sidhom_submission\ben_sidh.b404bb11\x64\release\ben_sidh.b404bb11.tlog\cl.command.1.tlog
c:\users\djeri\source\repos\ben_sidhom_submission\ben_sidh.b404bb11\x64\release\ben_sidh.b404bb11.tlog\cl.items.tlog
c:\users\djeri\source\repos\ben_sidhom_submission\ben_sidh.b404bb11\x64\release\ben_sidh.b404bb11.tlog\cl.read.1.tlog
c:\users\djeri\source\repos\ben_sidhom_submission\ben_sidh.b404bb11\x64\release\ben_sidh.b404bb11.tlog\cl.write.1.tlog
c:\users\djeri\source\repos\ben_sidhom_submission\ben_sidh.b404bb11\x64\release\ben_sidh.b404bb11.tlog\link.command.1.tlog
c:\users\djeri\source\repos\ben_sidhom_submission\ben_sidh.b404bb11\x64\release\ben_sidh.b404bb11.tlog\link.read.1.tlog
c:\users\djeri\source\repos\ben_sidhom_submission\ben_sidh.b404bb11\x64\release\ben_sidh.b404bb11.tlog\link.secondary.1.tlog
c:\users\djeri\source\repos\ben_sidhom_submission\ben_sidh.b404bb11\x64\release\ben_sidh.b404bb11.tlog\link.write.1.tlog
c:\users\djeri\source\repos\ben_sidhom_submission\ben_sidh.b404bb11\x64\release\ben_sidh.b404bb11.tlog\moc.read.1u.tlog
c:\users\djeri\source\repos\ben_sidhom_submission\ben_sidh.b404bb11\x64\release\ben_sidh.b404bb11.tlog\moc.write.1u.tlog
